------------------------------------------------------------------------------
                           GCC Code Coverage Report
Directory: .
------------------------------------------------------------------------------
File                                       Lines    Exec  Cover   Missing
------------------------------------------------------------------------------
utExecutionAndResults/utUnderTest/src/VoltMon_Init_u8.c
                                              27      27   100%
------------------------------------------------------------------------------
TOTAL                                         27      27   100%
------------------------------------------------------------------------------
