------------------------------------------------------------------------------
                           GCC Code Coverage Report
Directory: .
------------------------------------------------------------------------------
File                                       Lines    Exec  Cover   Missing
------------------------------------------------------------------------------
utExecutionAndResults/utUnderTest/src/VoltMon_Init_u8.c
                                              45      45   100%
------------------------------------------------------------------------------
TOTAL                                         45      45   100%
------------------------------------------------------------------------------
