------------------------------------------------------------------------------
                           GCC Code Coverage Report
Directory: .
------------------------------------------------------------------------------
File                                       Lines    Exec  Cover   Missing
------------------------------------------------------------------------------
utExecutionAndResults/utUnderTest/src/VoltMon_UpdateAdc_u8.c
                                              26      26   100%
------------------------------------------------------------------------------
TOTAL                                         26      26   100%
------------------------------------------------------------------------------
