------------------------------------------------------------------------------
                           GCC Code Coverage Report
Directory: .
------------------------------------------------------------------------------
File                                       Lines    Exec  Cover   Missing
------------------------------------------------------------------------------
utExecutionAndResults/utUnderTest/src/VoltMon_UpdateAdc_u8.c
                                              26      23    88%   20,32,36
------------------------------------------------------------------------------
TOTAL                                         26      23    88%
------------------------------------------------------------------------------
